<?xml version="1.0" encoding="UTF-8"?>
<TestRun id="80ce9056-d44f-4804-92b7-da494b4be5df" name="Fatma@FATMA-PC 2015-01-26 18:21:05" runUser="Fatma-PC\Fatma" xmlns="http://microsoft.com/schemas/VisualStudio/TeamTest/2010">
  <TestSettings name="Local" id="913099aa-cf6d-44fc-8732-d3755d9ddac6">
    <Description>These are default test settings for a local test run.</Description>
    <Deployment enabled="false" runDeploymentRoot="Fatma_FATMA-PC 2015-01-26 18_21_05">
      <DeploymentItem filename="E:\Jobs projects\FairFax2\AhmedGhamry_ConsoleApp\AhmedGhamry_ConsoleApp\bin\Debug\AhmedGhamry_ConsoleApp.exe" />
    </Deployment>
    <Execution>
      <TestTypeSpecific />
      <AgentRule name="Execution Agents">
      </AgentRule>
    </Execution>
  </TestSettings>
  <Times creation="2015-01-26T18:21:05.3493352+11:00" queuing="2015-01-26T18:21:05.3623359+11:00" start="2015-01-26T18:21:05.3803369+11:00" finish="2015-01-26T18:21:05.8763653+11:00" />
  <ResultSummary outcome="Completed">
    <Counters total="1" executed="1" passed="1" error="0" failed="0" timeout="0" aborted="0" inconclusive="0" passedButRunAborted="0" notRunnable="0" notExecuted="0" disconnected="0" warning="0" completed="0" inProgress="0" pending="0" />
  </ResultSummary>
  <TestDefinitions>
    <UnitTest name="TestIsIntersect" storage="e:\jobs projects\fairfax2\ahmedghamry_consoleapp\ahmedghamry_testproject\bin\debug\ahmedghamry_testproject.dll" id="656f8608-05a3-e341-f1f9-afa93577a264">
      <Execution id="6f67beb7-43fa-4a49-b39e-9139d147655e" />
      <TestMethod codeBase="E:/Jobs projects/FairFax2/AhmedGhamry_ConsoleApp/AhmedGhamry_TestProject/bin/Debug/AhmedGhamry_TestProject.DLL" adapterTypeName="Microsoft.VisualStudio.TestTools.TestTypes.Unit.UnitTestAdapter, Microsoft.VisualStudio.QualityTools.Tips.UnitTest.Adapter, Version=10.0.0.0, Culture=neutral, PublicKeyToken=b03f5f7f11d50a3a" className="AhmedGhamry_TestProject.UnitTest1, AhmedGhamry_TestProject, Version=1.0.0.0, Culture=neutral, PublicKeyToken=null" name="TestIsIntersect" />
    </UnitTest>
  </TestDefinitions>
  <TestLists>
    <TestList name="Results Not in a List" id="8c84fa94-04c1-424b-9868-57a2d4851a1d" />
    <TestList name="All Loaded Results" id="19431567-8539-422a-85d7-44ee4e166bda" />
  </TestLists>
  <TestEntries>
    <TestEntry testId="656f8608-05a3-e341-f1f9-afa93577a264" executionId="6f67beb7-43fa-4a49-b39e-9139d147655e" testListId="8c84fa94-04c1-424b-9868-57a2d4851a1d" />
  </TestEntries>
  <Results>
    <UnitTestResult executionId="6f67beb7-43fa-4a49-b39e-9139d147655e" testId="656f8608-05a3-e341-f1f9-afa93577a264" testName="TestIsIntersect" computerName="FATMA-PC" duration="00:00:00.0483226" startTime="2015-01-26T18:21:05.3883374+11:00" endTime="2015-01-26T18:21:05.8453635+11:00" testType="13cdc9d9-ddb5-4fa4-a97d-d965ccfc6d4b" outcome="Passed" testListId="8c84fa94-04c1-424b-9868-57a2d4851a1d" relativeResultsDirectory="6f67beb7-43fa-4a49-b39e-9139d147655e">
    </UnitTestResult>
  </Results>
</TestRun>